Arguments: 
  /usr/local/bin/node /usr/local/bin/yarn

PATH: 
  /Users/rakiyu/.poetry/bin:/Users/rakiyu/.deno/bin:/Library/Frameworks/Python.framework/Versions/2.7/bin:/Library/Frameworks/Python.framework/Versions/3.8/bin:/Library/Frameworks/Python.framework/Versions/3.9/bin:/usr/local/bin:/usr/bin:/bin:/usr/sbin:/sbin:/usr/local/aria2/bin:/Library/Apple/usr/bin:/Users/rakiyu/.poetry/bin:/Users/rakiyu/miniforge3/bin:/Users/rakiyu/miniforge3/condabin:/Users/rakiyu/.deno/bin:/Library/Frameworks/Python.framework/Versions/2.7/bin:/Library/Frameworks/Python.framework/Versions/3.8/bin:/Library/Frameworks/Python.framework/Versions/3.9/bin

Yarn version: 
  1.22.17

Node version: 
  16.13.1

Platform: 
  darwin arm64

Trace: 
  Error: https://registry.npmjs.org/@shrio%2fshrio: Not found
      at Request.params.callback [as _callback] (/usr/local/lib/node_modules/yarn/lib/cli.js:67029:18)
      at Request.self.callback (/usr/local/lib/node_modules/yarn/lib/cli.js:140883:22)
      at Request.emit (node:events:390:28)
      at Request.<anonymous> (/usr/local/lib/node_modules/yarn/lib/cli.js:141855:10)
      at Request.emit (node:events:390:28)
      at IncomingMessage.<anonymous> (/usr/local/lib/node_modules/yarn/lib/cli.js:141777:12)
      at Object.onceWrapper (node:events:509:28)
      at IncomingMessage.emit (node:events:402:35)
      at endReadableNT (node:internal/streams/readable:1343:12)
      at processTicksAndRejections (node:internal/process/task_queues:83:21)

npm manifest: 
  {
    "name": "example",
    "version": "1.0.0",
    "main": "index.js",
    "license": "MIT",
    "scripts": {
      "serve": "vite",
      "build": "vite build"
    },
    "devDependencies": {
      "vite": "^2.5.6",
      "vite-plugin-windicss": "^1.4.5"
    },
    "dependencies": {
      "@shrio/shrio": "^1.0.0",
      "windicss": "^3.1.7"
    }
  }

yarn manifest: 
  No manifest

Lockfile: 
  No lockfile
